<?xml version="1.0" encoding="UTF-8"?>
<testsuite name="com.vhq.RemoveDuplicateTest" tests="1" skipped="0" failures="0" errors="0" timestamp="2023-11-29T01:20:08" hostname="SUMIN" time="0.016">
  <properties/>
  <testcase name="removeDuplicateElements()" classname="com.vhq.RemoveDuplicateTest" time="0.016"/>
  <system-out><![CDATA[[1, 2, 3]
]]></system-out>
  <system-err><![CDATA[]]></system-err>
</testsuite>
