<?xml version="1.0" encoding="UTF-8"?>
<testsuite name="com.vhq.RemoveDuplicateTest" tests="1" skipped="0" failures="0" errors="0" timestamp="2023-11-29T02:03:21" hostname="SUMIN" time="0.019">
  <properties/>
  <testcase name="removeDuplicateElements()" classname="com.vhq.RemoveDuplicateTest" time="0.019"/>
  <system-out><![CDATA[Expected Result :: [1, 2, 3]
]]></system-out>
  <system-err><![CDATA[]]></system-err>
</testsuite>
